VPS setup

good info 
https://steamdb.info/app/544550/depots/

2022-07-04 19:54:22
https://help.skysilk.com/support/solutions/articles/9000181921-how-to-install-and-use-steamcmd-on-ubuntu-linux

sudo useradd -m steam
sudo apt update && sudo apt upgrade

sudo apt install software-properties-common

sudo add-apt-repository multiverse

sudo dpkg --add-architecture i386

sudo apt update

sudo apt install steamcmd

steamcmd +login anonymous +app_update 600760 -beta beta validate +quit



------------- test map ----------
# for reference #./rocketstation_DedicatedServer.exe -load Europa1-30 -settings ServerName EkimsDed StartLocalHost true ServerVisible true ServerMaxPlayers 8 GamePort 27016 UpdatePort 27015 UPNPEnabled false AutoSave true SaveInterval 600


cd /home/steam/Steam/steamapps/common/Stationeers Dedicated Server
tmux new -s Ekim-dedi 
./rocketstation_DedicatedServer.x86_64 -new Ekim-ded-Mars1 Mars -settings ServerName Ekimtest ServerPassword bobbob123 StartLocalHost true ServerVisible true ServerMaxPlayers 8 GamePort 27016 UpdatePort 27015 UPNPEnabled false AutoSave true SaveInterval 600

---- from another ssh session ----
su steam 
Ctrl+B, and then D, you will detach the session
tmux attach-session -t Ekim-dedi 

2022-07-05 13:52:01

ekim@vmi923357:~/stationeers-saves$ mv Europa1-31/ /home/steam/Steam/steamapps/common/Stationeers\ Dedicated\ Server/saves/

./rocketstation_DedicatedServer.x86_64 -load Europa-31 -noclear -settings ServerName Ekimtest ServerPassword bobbob123 StartLocalHost true ServerVisible true ServerMaxPlayers 8 GamePort 27016 UpdatePort 27015 UPNPEnabled false AutoSave true SaveInterval 600


2022-07-05 16:14:07
fecking thing not advertised 
- did -noclear and it looks like it's not actually starting, but hanging with the Europa1-31 save transferred from Windows Potato
- Ubuntu 20.0.4 - default FW == 'UFW' but it's off..

2022-07-09 09:30:53
updoote 
steamcmd +login anonymous +app_update 600760 -beta beta validate +quit
./rocketstation_DedicatedServer.x86_64 -load Europa-31 Europa2 -settings ServerName Ekimtest ServerPassword bobbob123 StartLocalHost true ServerVisible true ServerMaxPlayers 8 GamePort 27016 UpdatePort 27015 UPNPEnabled false AutoSave true SaveInterval 600

2022-07-09 11:16:11
all good
shut down local server 
zipped up latest
transferred to VPS 

2022-07-09 11:23:06
starting up 
./rocketstation_DedicatedServer.x86_64 -loadlatest -noclear -settings ServerName EkimsDedAgain ServerPassword dedagain StartLocalHost true ServerVisible true ServerMaxPlayers 10 UPNPEnabled false AutoSave true SaveInterval 600

2022-07-09 11:26:00
See if I can get rid of Uranium
only 112 stacks, leave it alone ...
restart 
./rocketstation_DedicatedServer.x86_64 -loadlatest -noclear -settings ServerName EkimsDedAgain ServerPassword dedagain StartLocalHost true ServerVisible true ServerMaxPlayers 10 UPNPEnabled false AutoSave true SaveInterval 600
2022-07-09 11:30:57
up 

2022-07-09 11:47:13
wrong save 
quit 
 ./rocketstation_DedicatedServer.x86_64 -load Europa1-37 Europa2 -noclear -settings ServerName EkimsDedAgain ServerPassword dedagain StartLocalHost true ServerVisible true ServerMaxPlayers 10 UPNPEnabled false AutoSave true SaveInterval 600

2022-07-09 11:52:33
nullrefs  console un-responsive
 ./rocketstation_DedicatedServer.x86_64 -load Europa1-37 Europa2 -noclear -settings ServerName EkimsDedAgain ServerPassword dedagain StartLocalHost true ServerVisible true ServerMaxPlayers 10 UPNPEnabled false AutoSave true SaveInterval 600
sudo kill 31456 

2022-07-09 12:00
fixed up save directory deleted old, unzipped proper save etc.
./rocketstation_DedicatedServer.x86_64 -load Europa1-37 Europa2 -noclear -settings ServerName EkimsDedAgain ServerPassword dedagain StartLocalHost true ServerVisible true ServerMaxPlayers 10 UPNPEnabled false AutoSave true SaveInterval 600
working!

2022-07-09 12:31:42
issue with mining rocket - command pod - something something 
save 
re-start 
./rocketstation_DedicatedServer.x86_64 -load Europa1-37 Europa2 -noclear -settings ServerName EkimsDedAgain ServerPassword dedagain StartLocalHost true ServerVisible true ServerMaxPlayers 10 UPNPEnabled false AutoSave true SaveInterval 600

2022-07-09 12:33:33
*** next restart; use tmux, or screen or something 
TODO:   do / find systemd configs and make it a service 
        easy interface for restarts?
            mnust be one, just need to find it?
        add the admins

2022-07-09 13:50:22
poking around with console commands 

> masterserver
18:50:01: masterserver: 40.82.200.175:8081
> help masterserver
18:50:08: help: MASTERSERVER    [refresh]               Commands to help with interacting with the Master Server

2022-07-09 14:55:25
beta and main are out of sync - downgrading server 
save Europa1-37
quit 
steamcmd +login anonymous +app_update 600760 -beta none validate +quit
./rocketstation_DedicatedServer.x86_64 -load Europa1-37 Europa2 -noclear -settings ServerName EkimsDedAgain ServerPassword dedagain StartLocalHost true ServerVisible true ServerMaxPlayers 10 UPNPEnabled false AutoSave true SaveInterval 600

2022-07-09 15:41:25
st elmos fire 
save Europa1-37
quit

2022-07-09 15:42:09
./rocketstation_DedicatedServer.x86_64 -load Europa1-37 Europa2 -noclear -settings ServerName EkimsDedAgain ServerPassword dedagain StartLocalHost true ServerVisible true ServerMaxPlayers 10 UPNPEnabled false AutoSave true SaveInterval 600
up 

2022-07-09 16:08:34
the fire is back
./rocketstation_DedicatedServer.x86_64 -loadlatest -noclear -settings ServerName EkimsDedAgain ServerPassword dedagain StartLocalHost true ServerVisible true ServerMaxPlayers 10 UPNPEnabled false AutoSave true SaveInterval 600
up 
fire is out 

2022-07-09 17:13:08
SErver is not registered

 System.Exception: Issue with current session: {
  "SessionId": 19323,
  "Name": "EkimsDedAgain",
  "Password": true,
  "Version": "0.2.3412.16740",
  "Address": "66.94.123.161",
  "Checksum": "42518E5B",
  "Port": "27016",
  "Players": 0,
  "MaxPlayers": 10,
  "UpTime": 3445706,
  "MapName": "Europa2",
  "Latency": 0,
  "Type": 2
}


 masterserver refresh
> masterserver refresh
22:11:59: Registering game session with master server...
22:12:00: GameSession registered. SessionId: 19408
> Log: connection {1} has been disconnected by timeout; address {::ffff:75.142.66.100:27017} time {3833161}, last rec time {3830985} rtt {37} timeout {2000}
Log: connection {2} has been disconnected by timeout; address {::ffff:175.111.102.125:27017} time {3851373}, last rec time {3849186} rtt {313} timeout {2000}

-nope, that fucked it 
booted us both - console stopped responding 
kill process, restarting 

- there were bugger allservers in the browser / lister - maybe the master server had an oops ?
