2022-07-07 14:25:46
UPDATEVERSION=Update 0.2.3398.16700
UPDATEDATE=Thu 07/07/2022
UPDATENOTES=<size=20><b>[Version 0.2.3398.16700]</b></size>

2022-07-07 14:30:52
- archived all the .16665 saves
2022-07-07 14:27:47
./rocketstation_DedicatedServer.exe -new Europa2 -settings ServerName EkimsDedAgin ServerPassword dedagain StartLocalHost true ServerVisible true GamePort 27016 UpdatePort 27015 UPNPEnabled false AutoSave true SaveInterval 600


2022-07-07 14:29:26
server up 

14:31:04: Started new game in world Europa2
14:31:09: error failed to register '27016' using upnp

it still wants to UPnP but I'm telling it not to 
./rocketstation_DedicatedServer.exe -load Europa2-00 -settings ServerName EkimsDedAgin ServerPassword dedagain StartLocalHost true ServerVisible true GamePort 27016 UpdatePort 27015 UPNPEnabled false AutoSave true SaveInterval 600

./rocketstation_DedicatedServer.exe -new Europa2 -settings ServerName EkimsDedAgin ServerPassword dedagain StartLocalHost true ServerVisible true GamePort 27016 UpdatePort 27015 UPNPEnabled false AutoSave true SaveInterval 600

./rocketstation_DedicatedServer.exe -load Europa2-00 -settings ServerName EkimsDedAgin ServerPassword dedagain StartLocalHost true ServerVisible true GamePort 27016 UpdatePort 27015 UPNPEnabled false AutoSave true SaveInterval 600

2022-07-07 14:54:07
new BETA build 
updoot server 
UPDATEVERSION=Update 0.2.3399.16708

./rocketstation_DedicatedServer.exe -load Europa1-37 -settings ServerName EkimsDedAgain ServerPassword dedagain StartLocalHost true ServerVisible true GamePort 27016 UpdatePort 27015 UPNPEnabled false AutoSave true SaveInterval 600

2022-07-07 16:02:30
server and client are now on 0.2.3401.16711
save loads, looks good

we're up/up 

feels smoother ..... 

2022-07-07 17:07:14
beta patch 0.2.3399.17715
client updated
save Europa1-38 
no, wait saves have changed, it's auto under the svefile name maybe?

17:06:30: World Saving...
17:06:30: Successfully retrieved world data for save...
17:06:32: World Saved: C:/steamcmd/steamapps/common/Stationeers Dedicated Server/saves/Europa1-37, BackupIndex: 13

 c:\steamcmd\steamcmd.exe +login anonymous +app_update 600760 -beta beta validate +quit

bugger - no Europa-38 save - I should have checked 
./rocketstation_DedicatedServer.exe -loadlatest -settings ServerName EkimsDedAgain ServerPassword dedagain StartLocalHost true ServerVisible true GamePort 27016 UpdatePort 27015 UPNPEnabled false AutoSave true SaveInterval 600
v 0.2.3402.16715
up - but not being advertised 

aha! 
17:12:33: Auto save stopped
17:12:33: Auto save started (600)
17:12:33: Directory doesn't exist: C:\steamcmd\steamapps\common\Stationeers Dedicated Server\saves\Europa1-38 and no backup world name was given
17:12:33: Ready

---- I'll sort this out ---- 
quit 


2022-07-07 17:43:02
./rocketstation_DedicatedServer.exe -load Europa1-37 Europa2 -settings ServerName EkimsDedAgain ServerPassword dedagain StartLocalHost true ServerVisible true GamePort 27016 UpdatePort 27015 UPNPEnabled false AutoSave true SaveInterval 600

and, we're up!
 
2022-07-07 18:40:50
some IC weridness
restarting 
save Europa1-37
quit
joined succesfully

2022-07-07 20:06:11
I broke it
either playing with elevators, or running out of batt in my suit ?
quit

2022-07-07 20:07:43
./rocketstation_DedicatedServer.exe -load Europa1-37 Europa2 -settings ServerName EkimsDedAgain ServerPassword dedagain StartLocalHost true ServerVisible true GamePort 27016 UpdatePort 27015 UPNPEnabled false AutoSave true SaveInterval 600

up/up 

2022-07-07 22:49:54
can't interact with things
save Europa1-37
server not advertised
- got booted

quit

2022-07-07 22:52:55
updoot! 
 c:\steamcmd\steamcmd.exe +login anonymous +app_update 600760 -beta beta validate +quit
load 'er up! 
./rocketstation_DedicatedServer.exe -load Europa1-37 Europa2 -settings ServerName EkimsDedAgain ServerPassword dedagain StartLocalHost true ServerVisible true GamePort 27016 UpdatePort 27015 UPNPEnabled false AutoSave true SaveInterval 600

2022-07-07 22:55:55
up 

2022-07-07 23:49:59
end stream
save Europa1-37

2022-07-08 07:28:32
UPDOOT!
RESTART! 

save Europa1-37
c:\steamcmd\steamcmd.exe +login anonymous +app_update 600760 -beta beta validate +quit

2022-07-08 07:30:47
./rocketstation_DedicatedServer.exe -load Europa1-37 Europa2 -settings ServerName EkimsDedAgain ServerPassword dedagain StartLocalHost true ServerVisible true GamePort 27016 UpdatePort 27015 UPNPEnabled false AutoSave true SaveInterval 600

2022-07-08 12:47:37
save Europa1-37

2022-07-08 13:55:22
save Europa1-37
updoot!
c:\steamcmd\steamcmd.exe +login anonymous +app_update 600760 -beta beta validate +quit
restart 
./rocketstation_DedicatedServer.exe -load Europa1-37 Europa2 -settings ServerName EkimsDedAgain ServerPassword dedagain StartLocalHost true ServerVisible true GamePort 27016 UpdatePort 27015 UPNPEnabled false AutoSave true SaveInterval 600

server up

2022-07-08 16:18:04
updoot
save Europa1-37
quit 

c:\steamcmd\steamcmd.exe +login anonymous +app_update 600760 -beta beta validate +quit

./rocketstation_DedicatedServer.exe -load Europa1-37 Europa2 -settings ServerName EkimsDedAgain ServerPassword dedagain StartLocalHost true ServerVisible true UPNPEnabled false AutoSave true SaveInterval 600

2022-07-08 16:53:39
ghost fire again 
save Europa1-37
quit
restart
up 
2022-07-08 16:57:41
can't interact 
quit 
restart 
up
2022-07-08 20:53:43
home
updoot 
quit 
c:\steamcmd\steamcmd.exe +login anonymous +app_update 600760 -beta beta validate +quit
./rocketstation_DedicatedServer.exe -load Europa1-37 Europa2 -settings ServerName EkimsDedAgain ServerPassword dedagain StartLocalHost true ServerVisible true UPNPEnabled false AutoSave true SaveInterval 600

2022-07-08 22:46:24
loggoff - sleep 
